
  fd3 v.3.1 (Florianapolis, 25 July 2014)

  SECTION 1: LOADING OBSERVED SPECTRA

  observed spectra master file = art_triple.master.obs
  loaded 8 spectra with 20 bins per spectrum
  lnlambda range from 0.0001 to 0.002
  rv step 29.9815 km/s per bin
  use data from lnlambda = 0.0002
             to lnlambda = 0.0019
  selected 18 bins per spectrum

  SECTION 2: OUTPUT FILES

  output files root name = art_triple

  used part of observed spectra ------------> "art_triple.obs"
  model spectra ----------------------------> "art_triple.mod"
  residuals (obs. - calc.) -----------------> "art_triple.res"
  radial velocities (in bin units) ---------> "art_triple.rvs"
  optimisation log -------------------------> "art_triple.log"

  SECTION 3: COMPONENT SPECTRA MODELING SWITCHES (0/1)

  A = 1
  B = 1
  C = 1

  number of components to be resolved is 3

  SECTION 4: DESCRIPTORS TO OBSERVED SPECTRA
             AND LIGHT-FACTORS ASSIGNED TO COMPONENTS

           t_obs     rv_corr   noise_rms      lf_A      lf_B      lf_C
           [day]      [km/s]         [1]       [1]       [1]       [1]

        51.00000      0.0000      1.0000    0.3750    0.0000    0.6250
        12.08333      0.0000      1.0000    0.3000    0.2000    0.5000
        -8.75000      0.0000      1.0000    0.3000    0.2000    0.5000
        42.41667      0.0000      1.0000    0.3000    0.2000    0.5000
        69.50000      0.0000      1.0000    0.1250    0.2500    0.6250
        78.58333      0.0000      1.0000    0.3000    0.2000    0.5000
        91.75000      0.0000      1.0000    0.3000    0.2000    0.5000
        29.91667      0.0000      1.0000    0.3000    0.2000    0.5000

  SECTION 5: PARAMETERS OF ORBITS

  wide (AB--C) orbit

  period of AB--C [day] = 1 +/- 0
  time of periast pass in AB--C [day] = 1 +/- 0
  eccentricity of AB--C [1] = 0 +/- 0
  periast long of AB in AB--C [deg] = 0 +/- 0
  a sin(incl) of AB in AB--C [light-day] = 0 +/- 0
  a sin(incl) of C in AB--C [light-day] = 0 +/- 0

  tight (A--B) orbit

  period A--B [day] = 1 +/- 0.001 *** free ***
  time of periast pass in A--B [day] = 0.25 +/- 1 *** free ***
  eccentricity of A--B [1] = 0 +/- 0.1 *** free ***
  periast long of A in A--B [deg] = 180 +/- 180 *** free ***
  rv semiamp of A in A--B [km/s] = 60 +/- 10 *** free ***
  rv semiamp of B in A--B [km/s] = 120 +/- 20 *** free ***
  periast long adv per cycle in A--B [deg] = 0 +/- 0

  number of free orbital parameters is 6

  SECTION 6: OPTIMISATION DETAILS

  number of independent optimisation runs = 100
  number of allowed iterations per run = 1000
  stop when simplex shrinked by factor = 0.001

  SECTION 7: OPTIMISATION

  separation at the starting point:  chi2=0.213604  gof=1.00
  converged disentangling runs reported only if chi2 decreases

  irun=1  iter=322  sxshrnkf=0.001  chi2=1.30017e-06  gof=1.00
                               period A--B = 0.999997908 day
              time of periast pass in A--B = 0.365353487 day
                      eccentricity of A--B = 0.000241433983
                 periast long of A in A--B = 401.510909 deg
                   rv semiamp of A in A--B = 59.9230359 km/s
                   rv semiamp of B in A--B = 119.57907 km/s

  irun=2  iter=699  sxshrnkf=0.00096  chi2=9.93897e-12  gof=1.00
                               period A--B = 1 day
              time of periast pass in A--B = 1.79311498 day
                      eccentricity of A--B = 2.58215773e-06
                 periast long of A in A--B = 555.521494 deg
                   rv semiamp of A in A--B = 59.9628569 km/s
                   rv semiamp of B in A--B = 119.926344 km/s

  irun=7  iter=339  sxshrnkf=0.0009  chi2=2.89389e-12  gof=1.00
                               period A--B = 1 day
              time of periast pass in A--B = -0.0767810191 day
                      eccentricity of A--B = 9.65315626e-07
                 periast long of A in A--B = -117.641208 deg
                   rv semiamp of A in A--B = 59.9628667 km/s
                   rv semiamp of B in A--B = 119.925889 km/s

  irun=15  iter=623  sxshrnkf=0.00094  chi2=1.73649e-12  gof=1.00
                               period A--B = 0.999999986 day
              time of periast pass in A--B = 0.953278639 day
                      eccentricity of A--B = 1.65729985e-06
                 periast long of A in A--B = 253.180087 deg
                   rv semiamp of A in A--B = 59.9629863 km/s
                   rv semiamp of B in A--B = 119.926153 km/s

  irun=16  iter=478  sxshrnkf=0.00093  chi2=1.07132e-12  gof=1.00
                               period A--B = 1 day
              time of periast pass in A--B = -0.00449888183 day
                      eccentricity of A--B = 2.43379884e-07
                 periast long of A in A--B = -91.6195595 deg
                   rv semiamp of A in A--B = 59.9630123 km/s
                   rv semiamp of B in A--B = 119.926139 km/s

  irun=44  iter=452  sxshrnkf=0.00087  chi2=1.00085e-12  gof=1.00
                               period A--B = 0.999999993 day
              time of periast pass in A--B = -0.72363983 day
                      eccentricity of A--B = 3.17332782e-07
                 periast long of A in A--B = 9.48953672 deg
                   rv semiamp of A in A--B = 59.962988 km/s
                   rv semiamp of B in A--B = 119.926133 km/s

  irun=51  iter=497  sxshrnkf=0.00089  chi2=4.74861e-13  gof=1.00
                               period A--B = 1 day
              time of periast pass in A--B = -0.386766156 day
                      eccentricity of A--B = 4.19732348e-08
                 periast long of A in A--B = 490.76414 deg
                   rv semiamp of A in A--B = 59.9630301 km/s
                   rv semiamp of B in A--B = 119.926166 km/s

  completed 100 optimisation runs

  EXITING REGULARLY

