1  451  0.001  1.12817e-11  1.00    0.999999993  -0.291876758  1.0568552e-06  524.92427  59.9629707  119.925935
2  251  0.00078  8.1942e-11  1.00    1.00000002  1.55149726  3.1946037e-06  468.539206  59.9629966  119.924426
4  366  0.0008  4.35613e-10  1.00    0.999999951  -0.369220768  3.87857224e-06  137.079525  59.9633528  119.928039
5  194  0.00099  4.7579e-08  1.00    0.999999594  1.09250874  3.26686077e-05  303.298688  59.9630454  119.877755
6  785  0.00081  1.99816e-11  1.00    0.999999994  0.183867762  6.19530984e-07  696.192344  59.9630438  119.92639
7  318  0.00095  3.8442e-11  1.00    1.00000002  0.448306723  1.02421361e-06  71.3906476  59.9629743  119.925176
8  342  0.00071  4.36864e-11  1.00    0.999999997  -0.932979658  2.44126721e-06  -65.8726905  59.9630976  119.925272
9  726  0.00088  2.00725e-11  1.00    0.999999992  0.907409981  6.66085099e-07  236.667381  59.9630177  119.926906
10  686  0.00098  3.35013e-12  1.00    0.999999997  -1.04593365  7.9508135e-07  -106.53624  59.963054  119.925954
11  903  0.00091  5.9345e-11  1.00    0.999999979  1.62208304  3.37504547e-06  493.949543  59.9629647  119.926042
12  521  0.00099  5.57406e-10  1.00    1.00000001  0.585386102  2.61934611e-07  120.739623  59.9637444  119.925041
13  483  0.00094  7.03834e-11  1.00    0.999999985  0.107669016  2.2343546e-06  308.760484  59.9630283  119.924625
14  345  0.001  3.00722e-10  1.00    1.00000002  0.220108091  4.6507794e-06  -10.7610437  59.9631341  119.927884
15  495  0.00093  1.34091e-10  1.00    0.99999999  0.649902045  2.96431798e-06  143.964374  59.9628246  119.927427
16  631  0.00085  4.74346e-12  1.00    0.999999995  -0.0186082839  7.49681384e-07  -96.6991177  59.9630382  119.926365
17  472  0.00098  8.54451e-12  1.00    0.999999989  0.0824540557  5.41895349e-07  299.683214  59.9630976  119.925959
18  333  0.00089  1.24516e-11  1.00    1  0.946552155  7.29055973e-07  250.758727  59.963067  119.926509
19  604  0.00093  6.50287e-11  1.00    1.00000002  0.502166618  2.78534544e-06  90.7802747  59.9629001  119.926141
20  658  0.00093  0.00768253  1.00    0.999828616  1.40001642  2.14241553e-09  412.827631  58.5867804  130.971255
21  355  0.00078  2.80146e-09  1.00    0.999999848  0.125843323  1.31445311e-05  315.301134  59.9635499  119.921328
22  318  0.00092  5.25405e-11  1.00    0.999999978  1.70488824  3.20142402e-06  523.759432  59.962954  119.926323
23  168  0.00092  2.50478e-09  1.00    1.00000016  0.523570054  2.15133067e-05  98.4880995  59.9632595  119.9302
24  642  0.00099  1.10001e-11  1.00    0.999999998  0.995961727  1.33164246e-07  -91.4538693  59.9630641  119.925337
25  728  0.00094  1.02101e-10  1.00    0.999999994  0.223786336  9.02663736e-07  -9.43705274  59.9633465  119.926909
26  636  0.00089  5.43675e-11  1.00    0.999999999  0.721505142  4.29093223e-07  169.742014  59.9632275  119.925886
27  336  0.00098  8.87519e-12  1.00    1  0.689000448  6.99469108e-08  158.040149  59.9629686  119.925823
28  734  0.00082  2.33016e-12  1.00    0.999999996  1.93154526  2.64087132e-07  245.356189  59.963054  119.926058
29  520  0.00094  5.6197e-10  1.00    0.999999989  -0.404549878  1.26325598e-05  124.361595  59.9630737  119.924443
30  915  0.00097  6.42121e-12  1.00    0.999999998  -0.689051013  5.6945218e-07  -338.058384  59.9630509  119.926101
31  484  0.00098  5.64796e-10  1.00    1.00000015  1.34583942  1.3560496e-05  394.504758  59.962867  119.925727
32  816  0.00096  6.36926e-12  1.00    1  0.551268467  5.91254977e-07  108.456622  59.9630388  119.925564
33  452  0.0009  3.43858e-09  1.00    1.00000018  0.334195111  7.36013671e-06  390.312493  59.9649795  119.918571
34  410  0.00093  4.33626e-10  1.00    1.00000001  0.0699645177  2.83323367e-06  -64.8128274  59.9630342  119.930275
35  575  0.00092  2.29492e-10  1.00    1.00000002  0.35048778  1.09529261e-05  396.176149  59.9629076  119.92541
36  258  0.00093  3.63216e-11  1.00    1.00000002  0.0914523103  4.04467614e-07  302.923095  59.9630071  119.926314
37  469  0.00093  0.00175413  1.00    0.99990118  0.916872316  0.0339342775  238.312765  60.0101646  120.074192
38  356  0.00099  3.2667e-10  1.00    1.00000005  0.546266886  1.30493621e-06  106.656722  59.9632862  119.922493
40  332  0.00087  2.31601e-10  1.00    0.999999995  1.66087393  3.60054945e-06  507.914054  59.9631108  119.925054
41  621  0.00095  1.03337e-10  1.00    1  -0.057865035  4.40934318e-07  249.168641  59.9631227  119.924113
42  735  0.00094  5.42853e-10  1.00    1.00000004  -0.304378304  1.34070975e-05  520.424423  59.9629476  119.926692
43  372  0.00099  4.62317e-11  1.00    0.999999988  0.453366626  2.49213094e-07  73.2116151  59.963059  119.925341
44  444  0.00095  8.70501e-10  1.00    1.00000006  -0.689413966  1.04943166e-05  21.8126356  59.9634125  119.926881
45  519  0.00086  2.53209e-10  1.00    1.00000004  1.61499911  2.44722572e-06  491.40056  59.9627203  119.926508
46  307  0.00094  3.26428e-11  1.00    0.999999997  -0.289530474  3.95124008e-07  165.768763  59.9631764  119.92617
47  312  0.00089  4.41292e-11  1.00    0.999999994  0.185609942  4.77973441e-07  336.819278  59.9630365  119.925392
48  321  0.00095  1.02356e-08  1.00    1.00000071  0.414754982  8.13968917e-05  59.3231185  59.9631677  119.928414
49  496  0.00085  1.04145e-11  1.00    0.999999998  -0.552729669  4.62089355e-07  431.017319  59.9630204  119.926209
50  727  0.00097  3.66186e-12  1.00    0.999999995  -0.989963059  6.91203643e-07  -446.386845  59.9630453  119.92628
51  763  0.00099  4.98818e-12  1.00    0.999999994  -0.142648387  1.32064774e-06  578.646451  59.9630139  119.926297
52  367  0.00076  1.55314e-11  1.00    1.00000001  1.4272467  1.03973314e-06  423.808806  59.9629149  119.925903
53  799  0.00095  3.60928e-11  1.00    0.999999987  0.769784907  1.49808871e-06  187.122391  59.9630849  119.925116
54  164  0.00096  1.88233e-09  1.00    1.00000011  -0.597082186  1.51955379e-05  55.0518591  59.9626114  119.917414
55  366  0.00086  2.88587e-11  1.00    1  -0.794121606  2.12982179e-06  344.116253  59.9630558  119.926558
56  460  0.00095  2.14905e-11  1.00    0.999999999  1.77367326  1.05082991e-06  188.522392  59.9630029  119.926654
57  433  0.00097  4.12069e-11  1.00    0.999999974  0.868812277  3.18446266e-06  222.771926  59.9631648  119.926019
58  469  0.00082  3.22517e-11  1.00    1.00000002  1.56944386  5.84836873e-07  115.000025  59.9629899  119.925627
59  584  0.00091  1.52443e-10  1.00    1.00000002  0.582407464  3.74502424e-06  479.666994  59.963299  119.927854
60  880  0.00068  1.22387e-09  1.00    1.00000002  1.41527739  2.49372172e-05  59.5000061  59.9631762  119.926338
61  456  0.00088  2.19353e-11  1.00    1.00000001  -0.322049771  2.17033487e-07  154.062211  59.9630988  119.925338
62  338  0.00091  0.0289972  1.00    1.00004518  0.403591486  0.000169737723  416.411529  59.2543742  154.915459
63  412  0.00092  1.06931e-10  1.00    1.00000001  0.660452487  2.6740021e-06  147.762948  59.9630583  119.927429
64  642  0.00099  4.66535e-11  1.00    1.00000002  0.427019005  3.41482264e-06  63.7272092  59.9630559  119.926473
65  735  0.00095  5.04612e-12  1.00    0.999999999  -0.0333200024  8.56380223e-07  258.004729  59.9630637  119.926051
66  595  0.00059  1.48439e-10  1.00    1.00000001  -0.74699551  1.69957317e-06  361.081612  59.9633884  119.92732
67  672  0.00088  8.53934e-11  1.00    1.00000001  0.677745914  2.91115293e-06  153.988652  59.9629629  119.927729
68  594  0.00099  3.39069e-09  1.00    0.999999633  -0.142654228  4.0612954e-05  218.63856  59.9626472  119.925997
69  861  0.00087  6.05006e-10  1.00    0.999999928  1.05144619  2.41444066e-06  648.519861  59.9627475  119.929241
70  532  0.00088  2.5481e-11  1.00    1  1.50904041  2.48979963e-07  453.254689  59.9631727  119.926195
71  392  0.00097  7.25257e-11  1.00    1.00000001  1.51878114  1.36584313e-06  456.761146  59.9627494  119.926483
72  535  0.00085  1.09633e-10  1.00    1.00000005  -0.667690147  3.93499e-06  29.6323236  59.9628365  119.926588
73  790  0.00087  1.51941e-11  1.00    1.00000001  1.57345134  1.0564954e-07  836.442542  59.9629619  119.925958
74  341  0.001  1.06099e-10  1.00    0.999999997  0.0294164178  2.57582436e-07  280.589533  59.9628364  119.926358
75  461  0.0009  1.67108e-11  1.00    1.00000001  1.45646645  1.18344929e-06  434.327987  59.9629171  119.926523
76  441  0.00098  9.70831e-11  1.00    1.00000001  0.45760032  2.22071822e-06  434.736257  59.9630962  119.924417
77  272  0.00094  1.52422e-09  1.00    0.99999996  0.557056343  8.7994297e-06  110.540489  59.961934  119.926967
78  919  0.00091  2.6205e-12  1.00    0.999999998  -1.64467516  1.06689282e-07  -322.083114  59.9630457  119.925978
79  586  0.001  2.82624e-09  1.00    1.00000033  1.31820975  3.17144178e-05  384.560972  59.9631189  119.926908
80  617  0.00096  4.139e-11  1.00    1.00000002  1.49503147  1.64573553e-06  88.2115074  59.9632205  119.926472
81  534  0.00092  5.07439e-11  1.00    1.00000001  -0.34695938  1.5113566e-07  145.094821  59.9628959  119.925043
82  369  0.00088  4.81206e-11  1.00    0.999999996  1.27111594  3.86035704e-06  7.60163505  59.9630248  119.926101
83  550  0.00094  2.69617e-11  1.00    1  -0.210840602  1.93825339e-06  -165.902582  59.9629401  119.926674
84  785  0.00099  2.85254e-11  1.00    0.999999981  1.78474261  3.45268505e-06  552.506934  59.9630321  119.926095
85  612  0.00097  5.41884e-11  1.00    0.999999986  0.358695703  5.69271371e-07  39.1301593  59.9629654  119.924908
86  505  0.00099  3.48271e-11  1.00    0.999999986  0.345733313  5.83287846e-08  394.46362  59.9631227  119.926674
87  326  0.00095  1.4412e-09  1.00    0.999999825  1.01650626  1.80388171e-05  275.939787  59.9622564  119.923096
88  589  0.00098  1.67893e-10  1.00    1.00000003  -0.524795821  4.48999128e-06  441.07404  59.9634599  119.92552
89  431  0.00094  1.39511e-11  1.00    1.00000001  1.18730737  2.2077279e-07  -22.5692034  59.9630009  119.926289
90  407  0.00098  2.77963e-10  1.00    0.999999982  1.13652912  1.24364992e-06  -40.8493806  59.9628266  119.92505
91  335  0.00098  5.41709e-11  1.00    0.999999983  1.11936044  6.61646238e-07  312.969546  59.962907  119.924752
92  435  0.00097  9.16239e-11  1.00    1.00000002  0.0783598327  3.30487978e-06  298.209785  59.9632236  119.925429
93  513  0.00092  2.67336e-08  1.00    0.999998768  -0.0933061653  0.000138865813  236.390143  59.9619075  119.92083
94  796  0.00093  1.54803e-09  1.00    1.00000012  -0.688631764  2.32094588e-05  22.0953043  59.9636262  119.927464
95  571  0.001  2.19708e-11  1.00    1.00000001  -0.569430823  1.02462797e-06  65.0050221  59.9631811  119.925768
96  379  0.00097  0.0303012  1.00    1.0000785  -0.414664052  8.56631215e-10  122.695055  59.2553954  157.384007
97  514  0.00088  7.26786e-12  1.00    0.999999992  -0.0151518149  8.73855804e-07  264.545226  59.9630503  119.926184
98  734  0.00095  0.0194372  1.00    0.999682283  -0.990197478  0.068082963  270.207579  61.9209918  131.003318
99  312  0.00091  1.094e-10  1.00    0.999999992  1.24808868  4.3657914e-06  359.311817  59.9631798  119.926575
100  244  0.00091  2.68693e-06  1.00    0.999998467  0.212531393  0.000795816506  346.4873  59.9581437  119.648117
