1  35  0.001  0.873751  1.00    33.0002477  60.6661478
2  27  0.00083  0.87381  1.00    20.9992669  60.6493228
3  34  0.00082  0.874026  1.00    21.0014518  60.4207711
4  25  0.00093  0.873874  1.00    32.9988811  60.5295575
5  23  0.00084  0.873729  1.00    9.00015778  59.2790235
6  22  0.00086  0.873872  1.00    21.0011285  60.5380334
7  31  0.00084  0.873918  1.00    56.9985346  59.2710757
8  25  0.00099  0.873743  1.00    8.99990154  59.2422276
9  22  0.00079  0.873776  1.00    9.00046915  59.4095238
10  29  0.00057  0.873751  1.00    21.0001908  59.2469783
11  19  0.00097  0.873767  1.00    9.00050546  60.6155888
12  26  0.00066  0.873756  1.00    8.99961589  59.3934898
13  21  0.00096  0.873775  1.00    8.99963591  60.4933846
14  22  0.001  0.873804  1.00    8.99923882  59.3008982
15  17  0.00082  0.873825  1.00    9.0006771  60.6898887
16  37  0.00054  0.873819  1.00    9.00027685  59.4993929
17  20  0.00097  0.873782  1.00    9.00052764  59.4048807
18  28  0.0006  0.873728  1.00    20.9998508  60.6460531
19  26  0.00078  0.873807  1.00    21.0007014  59.2675761
20  30  0.00089  0.87379  1.00    20.9993299  60.5756018
21  21  0.00099  0.873839  1.00    8.99898081  59.3232887
22  28  0.00093  0.873786  1.00    21.0006555  59.3554391
23  23  0.00096  0.873765  1.00    9.00034117  60.5027598
24  23  0.00095  0.87375  1.00    9.0003015  60.5216072
25  33  0.00091  0.873792  1.00    21.0004317  59.232939
26  28  0.00096  0.873814  1.00    20.9991458  59.3371284
27  24  0.00072  0.87377  1.00    8.99983564  59.4670659
28  39  0.00064  0.873743  1.00    9.00030628  59.2946389
29  25  0.00096  0.873986  1.00    8.99825616  60.6900993
30  28  0.00066  0.873771  1.00    8.99963047  60.5001756
31  17  0.00085  0.873955  1.00    8.99854261  59.2071576
32  22  0.00096  0.87393  1.00    21.0009181  59.5062479
33  28  0.00072  0.873719  1.00    9.00016586  60.5564076
34  31  0.0008  0.873825  1.00    9.00062904  60.6987854
35  23  0.001  0.873863  1.00    20.9992084  59.2052912
36  21  0.00073  0.873759  1.00    8.99953633  60.572749
37  26  0.00098  0.873789  1.00    8.9993366  59.3063973
38  24  0.00072  0.873756  1.00    8.99959155  59.3833256
39  23  0.001  0.873762  1.00    21.0003593  60.6578849
40  32  0.00084  0.87373  1.00    33.0002653  59.3442781
41  23  0.00097  0.87374  1.00    20.9996574  59.3391625
42  26  0.00096  0.873787  1.00    20.9994284  60.5294403
43  32  0.00088  0.873779  1.00    -27.0005585  59.2879572
44  31  0.00094  0.873738  1.00    9.00029548  59.3066451
45  17  0.00098  0.873789  1.00    8.99965272  59.2237521
46  36  0.00081  0.873733  1.00    8.99983697  60.6527956
47  19  0.00097  0.873854  1.00    8.99894703  60.5531538
48  22  0.00064  0.873698  1.00    -2.99999142  59.3752282
49  26  0.00069  0.873781  1.00    20.9993726  59.3233928
50  22  0.00093  0.873822  1.00    8.99968771  60.7402216
51  24  0.00071  0.873821  1.00    9.00087376  59.297325
52  22  0.00081  0.873801  1.00    8.99974978  60.7281329
53  24  0.00058  0.873754  1.00    8.9995741  60.5720554
54  22  0.00081  0.873792  1.00    9.00052987  60.6712728
55  19  0.00091  0.873886  1.00    9.00127883  59.2831043
56  27  0.00081  0.873819  1.00    8.99928206  60.6720964
57  21  0.00096  0.873979  1.00    8.99827509  59.4083336
58  23  0.00077  0.873733  1.00    8.99985448  59.2682381
59  27  0.00099  0.873769  1.00    20.9996505  59.2514149
60  27  0.00091  0.873748  1.00    33.0002177  60.5000548
61  29  0.00092  0.873712  1.00    9.00001111  60.5120557
62  34  0.00068  0.873712  1.00    -3.00000179  60.5092283
63  22  0.00064  0.873824  1.00    8.9993115  59.4332756
64  29  0.00097  0.873761  1.00    8.99963419  60.5187108
65  22  0.0009  0.874059  1.00    8.998519  59.5286979
66  26  0.0007  0.873729  1.00    32.9997878  60.5406722
67  30  0.00075  0.873703  1.00    21.0000498  60.5526792
68  22  0.00099  0.873803  1.00    8.99951458  59.2275967
69  33  0.00051  0.873708  1.00    20.9999443  60.6245791
70  30  0.00096  0.873763  1.00    8.99990081  59.4699292
71  27  0.00073  0.873716  1.00    8.99986454  59.3769865
72  26  0.00093  0.873784  1.00    9.00053488  60.5234006
73  23  0.0007  0.873735  1.00    20.9997825  60.5278101
74  26  0.00083  0.873787  1.00    9.00032251  59.2214463
75  20  0.001  0.873977  1.00    -3.00126982  60.7625282
76  23  0.00053  0.873715  1.00    21.0000901  59.3953021
77  24  0.00063  0.873708  1.00    9.00006764  60.6197812
78  24  0.00078  0.87384  1.00    8.99901275  60.6241645
79  26  0.00078  0.873785  1.00    9.00054207  59.405527
80  31  0.00057  0.873782  1.00    33.000489  59.4162833
81  29  0.00098  0.873873  1.00    20.9989634  60.5061015
82  21  0.00091  0.873883  1.00    8.99881692  59.2539913
83  28  0.00089  0.873736  1.00    9.0000044  59.4538539
84  26  0.00062  0.873807  1.00    20.9994963  60.4781138
85  27  0.00095  0.874005  1.00    21.0018889  60.5343653
86  27  0.00077  0.87377  1.00    32.9994834  60.6226374
87  23  0.00092  0.873779  1.00    -3.00061788  59.3309234
88  21  0.00097  0.874016  1.00    20.9985527  60.7739221
89  27  0.00094  0.873734  1.00    9.00023323  60.6314566
90  24  0.0006  0.873745  1.00    9.00032641  59.2949402
91  26  0.00091  0.873727  1.00    9.00023463  59.3202791
92  25  0.00071  0.873922  1.00    8.99851621  59.2688087
93  29  0.00068  0.873745  1.00    8.99972505  60.5242371
94  19  0.00093  0.873877  1.00    8.99889211  59.4114804
95  30  0.0009  0.873757  1.00    33.0004583  59.3426119
96  37  0.00094  0.873758  1.00    21.000086  60.4597123
97  38  0.00059  0.873701  1.00    8.99998817  59.3847263
98  31  0.00094  0.873874  1.00    20.9994762  59.1628762
99  24  0.00072  0.87374  1.00    21.00025  60.5271067
100  21  0.00083  0.873747  1.00    9.00033855  59.2949301
