1  322  0.001  1.30017e-06  1.00    0.999997908  0.365353487  0.000241433983  401.510909  59.9230359  119.57907
2  699  0.00096  9.93897e-12  1.00    1  1.79311498  2.58215773e-06  555.521494  59.9628569  119.926344
3  167  0.00099  0.135249  1.00    1.00051329  0.614315589  1.13040451e-07  20.2220083  59.7355161  124.12177
4  317  0.00099  6.66433e-11  1.00    0.99999995  -0.477266882  2.64108334e-06  98.1834405  59.9628355  119.925072
5  588  0.00088  0.13495  1.00    1.00056504  1.37006742  0.0155531175  292.761016  59.7946382  123.618708
6  300  0.00077  1.37651e-11  1.00    1.00000001  -0.499882535  2.07635754e-06  450.042346  59.9631865  119.927023
7  339  0.0009  2.89389e-12  1.00    1  -0.0767810191  9.65315626e-07  -117.641208  59.9628667  119.925889
8  421  0.00099  8.68966e-09  1.00    1.00000119  0.369188317  0.000123282016  42.9281323  59.9640265  119.92119
9  382  0.00096  0.138472  1.00    0.9998663  0.96769334  0.00751145937  136.787178  60.315057  120.217059
10  250  0.00096  3.68031e-11  1.00    1.00000005  -0.507254816  2.83470417e-06  87.3891404  59.9629795  119.927561
11  422  0.00093  0.000777736  1.00    1.00038807  0.383810435  0.0490812591  54.2224437  60.2651848  119.386892
12  459  0.00095  1.29001e-11  1.00    0.999999996  0.760905725  7.40586709e-07  183.926051  59.9626062  119.926155
13  348  0.00095  3.14645e-12  1.00    1.00000001  0.305089756  8.46820693e-07  379.832433  59.9629349  119.926144
14  924  0.00079  0.10407  1.00    1.00166141  -0.112866726  0.139226057  56.7985251  66.0113784  141.400445
15  623  0.00094  1.73649e-12  1.00    0.999999986  0.953278639  1.65729985e-06  253.180087  59.9629863  119.926153
16  478  0.00093  1.07132e-12  1.00    1  -0.00449888183  2.43379884e-07  -91.6195595  59.9630123  119.926139
17  352  0.00098  3.53755e-09  1.00    0.9999989  -0.112171942  0.000115729851  229.60114  59.9625796  119.924581
18  396  0.0009  2.06944e-11  1.00    1.00000001  0.649641928  1.64585392e-06  503.871259  59.9633999  119.925703
19  200  0.0009  4.85786e-07  1.00    1.00000067  0.656668961  0.000305297226  146.410399  60.0302402  120.011606
20  195  0.00092  1.70857e-10  1.00    1.00000008  0.591656923  2.07213096e-06  122.997822  59.9639131  119.92407
21  387  0.00099  1.00312e-11  1.00    0.999999973  0.13314177  1.53252499e-06  317.9305  59.963072  119.926731
22  262  0.001  4.74881e-10  1.00    0.999999975  1.83333002  2.07218306e-05  569.997833  59.963974  119.930533
23  146  0.00098  1.89821e-09  1.00    1.00000023  0.524102094  4.81523411e-05  98.6793906  59.9615598  119.936115
24  665  0.00097  3.00035e-12  1.00    0.999999992  0.65357135  1.97072513e-06  145.285542  59.9630148  119.926243
25  391  0.0009  5.64894e-12  1.00    1.00000001  0.523676419  2.37541276e-06  98.5237243  59.9631193  119.926132
26  514  0.00095  0.106997  1.00    1.00177966  0.961954653  0.122052399  84.1607782  57.1673014  138.265986
27  311  0.00098  0.135493  1.00    1.0008345  1.11014129  0.0531890904  81.1870744  60.6986824  112.477137
28  350  0.00099  0.00926672  1.00    1.00079136  -0.654901512  0.102219429  46.7255425  59.8499731  143.147036
29  452  0.00093  3.35405e-12  1.00    0.999999995  0.160062276  4.56806719e-07  327.622276  59.963118  119.926407
30  502  0.0009  9.39138e-12  1.00    1.00000001  0.406459495  5.2254715e-08  56.3253609  59.9631685  119.926724
31  474  0.0009  0.13495  1.00    1.00056641  1.37118742  0.0163775325  293.158151  59.7666177  123.535844
32  447  0.00097  1.629e-12  1.00    0.999999987  0.914227011  4.23382504e-07  239.121487  59.9630873  119.926242
33  391  0.00075  0.149812  1.00    0.998550036  0.10468331  1.12226164e-11  352.456903  69.5439592  146.5456
34  695  0.00091  1.24811e-11  1.00    0.999999944  -0.129510597  6.56362863e-06  -136.624665  59.9630366  119.92615
35  887  0.00099  4.74095e-11  1.00    0.999999897  -0.107384574  8.01822865e-06  231.339957  59.9630609  119.926772
36  263  0.00093  1.00538e-11  1.00    0.999999983  -0.00488902264  2.53657049e-06  268.239663  59.9630567  119.925128
37  311  0.00096  2.01484e-11  1.00    0.999999999  0.523660208  3.81749353e-06  98.517428  59.9627194  119.926183
38  430  0.00097  2.18718e-10  1.00    1.0000001  0.415637077  4.63572999e-06  59.6306474  59.9626429  119.922944
39  928  0.00093  1.3534e-10  1.00    0.999999987  0.297832583  3.57409118e-07  377.218657  59.9631861  119.924957
40  514  0.00088  1.36331e-11  1.00    1.00000003  1.68328572  7.13563734e-07  515.983293  59.9631244  119.925998
41  351  0.00093  8.02939e-12  1.00    1.00000001  0.234844538  1.02256933e-06  354.544177  59.9627757  119.92599
42  415  0.0009  3.58917e-11  1.00    0.999999974  -0.266221593  2.43314702e-06  534.159973  59.9631645  119.924802
43  318  0.0009  1.18996e-11  1.00    1.00000003  0.432064061  3.87833448e-06  65.5433953  59.9631971  119.926085
44  452  0.00087  1.00085e-12  1.00    0.999999993  -0.72363983  3.17332782e-07  9.48953672  59.962988  119.926133
45  578  0.00089  2.20308e-12  1.00    1  0.62451406  1.00088021e-06  494.82507  59.9631125  119.926101
46  662  0.00099  7.618e-11  1.00    1.00000006  -0.489857319  1.44306833e-06  93.652748  59.9625839  119.925406
47  434  0.00095  4.14826e-12  1.00    1  -0.370713911  1.26395385e-06  136.542878  59.962945  119.926415
48  431  0.00088  2.1275e-11  1.00    0.999999992  0.677286312  6.15747942e-06  153.822851  59.9628577  119.925594
49  486  0.00093  4.78462e-10  1.00    1.00000024  0.36958342  2.03254768e-05  403.053705  59.9646222  119.925139
50  501  0.00093  0.140396  1.00    1.00035036  0.156121419  0.0404576455  83.9494828  78.2640013  151.869885
51  497  0.00089  4.74861e-13  1.00    1  -0.386766156  4.19732348e-08  490.76414  59.9630301  119.926166
52  244  0.00097  1.96487e-10  1.00    1.00000013  1.30367917  6.54236992e-06  379.326559  59.9633985  119.924629
53  480  0.00099  5.6455e-12  1.00    0.999999993  0.786533706  3.61872929e-06  193.151968  59.9630102  119.926072
54  167  0.00097  5.26626e-11  1.00    1.00000007  -0.663247271  5.20622437e-06  31.2321118  59.9627717  119.924829
55  545  0.00099  5.75576e-11  1.00    1  -0.444765779  4.45230659e-06  469.884269  59.9635909  119.926907
56  401  0.00092  6.56602e-11  1.00    1.00000002  1.10755083  5.9740866e-06  308.718846  59.9630481  119.927747
57  812  0.00097  6.37257e-12  1.00    0.999999985  0.144525978  1.46414164e-06  -37.9709205  59.9631468  119.926713
58  294  0.00091  8.97767e-11  1.00    1.00000004  1.23511273  3.35658256e-06  354.64065  59.9637188  119.9256
59  621  0.00095  3.58139e-11  1.00    1.00000006  0.369564005  4.33776342e-06  403.044102  59.9629069  119.927008
60  394  0.00092  0.000183338  1.00    1.00020055  1.40367011  0.0227919718  58.3802528  60.1907258  120.834397
61  738  0.00084  8.26385e-12  1.00    1.00000002  -0.550464069  2.51680479e-06  71.8331459  59.9627798  119.925784
62  424  0.00091  0.0857274  1.00    0.999853999  -1.23406828  0.175094624  543.031474  80.957951  127.651095
63  491  0.00099  2.92347e-11  1.00    0.999999993  0.526578832  3.93996828e-06  99.5683487  59.9626245  119.925502
64  520  0.001  1.45098e-12  1.00    0.999999996  1.25823626  4.06997701e-07  362.964989  59.9630883  119.925908
65  184  0.00089  0.134971  1.00    1.00056827  0.393841404  0.0159357979  301.598551  59.6662941  123.495027
66  459  0.00088  7.14817e-12  1.00    1.00000001  0.212038055  6.31896557e-07  -13.6660356  59.9631939  119.925962
67  461  0.00094  3.68805e-12  1.00    1  1.38508673  8.44477186e-07  408.631247  59.9629164  119.9259
68  420  0.00085  8.78747e-11  1.00    1.00000002  -0.223927643  1.15665558e-05  189.386413  59.9627195  119.925021
69  556  0.00089  2.08331e-12  1.00    0.999999988  0.0424818805  6.38003066e-07  285.293228  59.9631406  119.926153
70  535  0.001  2.97678e-12  1.00    1  1.45872816  6.79136911e-07  435.142065  59.962885  119.926186
71  557  0.00099  2.27555e-11  1.00    1.00000003  0.518365054  5.20239612e-06  456.61176  59.9633908  119.926411
72  356  0.00089  3.41596e-11  1.00    1.00000005  -0.412669958  1.21926703e-06  121.439567  59.9628556  119.926803
73  496  0.00097  6.6752e-12  1.00    0.999999983  0.811775904  4.53325746e-07  562.239161  59.9628444  119.925965
74  472  0.00092  0.00043157  1.00    1.00026378  -0.556280039  0.0269849826  73.9423724  61.3210053  123.64093
75  719  0.00097  4.78031e-11  1.00    0.999999993  1.26956665  5.93336825e-06  7.04408728  59.9631456  119.925422
77  237  0.0008  2.93057e-10  1.00    1  0.762769536  1.19606429e-05  184.596539  59.9640013  119.924343
78  419  0.00097  5.90001e-12  1.00    1  0.235301965  2.07433846e-06  354.708592  59.9630585  119.925878
79  279  0.00083  2.10326e-11  1.00    1.00000003  0.659030457  3.77346769e-06  147.251289  59.9630859  119.926106
80  721  0.00097  8.61084e-12  1.00    0.999999991  2.73258051  1.69573798e-06  533.728652  59.9629846  119.925553
81  599  0.00092  4.40796e-12  1.00    0.99999998  0.884466979  1.55236341e-06  228.407719  59.9630321  119.925615
82  449  0.00082  2.21485e-12  1.00    0.999999989  0.854735636  1.54060273e-06  217.70454  59.9630215  119.925887
83  333  0.00098  2.08138e-10  1.00    1.00000003  -0.221887064  4.5600427e-06  190.120544  59.9624713  119.92612
85  445  0.00097  3.20309e-11  1.00    1.00000002  0.514077668  3.42344878e-07  95.0681714  59.9624654  119.92664
86  727  0.00088  1.31662e-12  1.00    0.999999993  -0.257532684  4.75194604e-07  177.288047  59.9629962  119.925951
87  466  0.00096  1.14471e-12  1.00    0.999999997  0.0710000313  4.74157513e-07  -64.4400427  59.9630027  119.926069
88  527  0.00089  3.307e-12  1.00    0.999999989  0.205695889  5.81845761e-07  704.050327  59.962858  119.926117
89  403  0.00099  1.58892e-11  1.00    1.00000001  1.33285739  1.56989705e-06  29.8286429  59.9633369  119.925698
90  520  0.00083  2.26577e-12  1.00    1  1.09400285  3.81689129e-07  303.84105  59.963103  119.925964
91  303  0.00086  2.00142e-10  1.00    0.999999886  1.02704961  1.40956924e-05  279.736208  59.9636185  119.929844
92  480  0.00093  1.09551e-10  1.00    0.999999935  0.132969095  6.69304162e-06  317.867701  59.9637792  119.927143
93  775  0.00091  2.59432e-12  1.00    0.999999987  -0.194192176  1.72859897e-06  200.090637  59.9629654  119.925991
94  483  0.00091  1.40104e-12  1.00    0.999999987  -1.10241369  1.83012104e-06  -126.869217  59.9629586  119.926143
95  511  0.00098  1.80218e-11  1.00    0.999999949  -0.00551424518  3.0787178e-06  268.014086  59.9630579  119.926299
96  509  0.00082  0.00728023  1.00    1.00084504  0.351554669  0.119446539  409.673047  62.5482647  109.194113
97  483  0.00082  1.92068e-11  1.00    1  0.275701143  6.87051024e-07  369.252707  59.963159  119.926866
98  596  0.00097  2.32065e-11  1.00    1  0.328912012  5.4044311e-06  388.408516  59.9630023  119.926461
99  266  0.00092  0.130944  1.00    1.00123872  0.963848297  0.0727297994  60.2435897  47.646598  147.731269
100  347  0.00096  6.37096e-13  1.00    0.999999994  0.557850304  1.60268584e-07  470.825995  59.963053  119.92614
