
  fd3 v.3.1 (Florianapolis, 25 July 2014)

  SECTION 1: LOADING OBSERVED SPECTRA

  observed spectra master file = V453_Cyg.master.obs
  loaded 8 spectra with 1344 bins per spectrum
  lnlambda range from 8.36567238 to 8.4104673
  rv step 9.99981 km/s per bin
  use data from lnlambda = 0
             to lnlambda = 10
  selected 1344 bins per spectrum

  SECTION 2: OUTPUT FILES

  output files root name = V453_Cyg

  used part of observed spectra ------------> "V453_Cyg.obs"
  model spectra ----------------------------> "V453_Cyg.mod"
  residuals (obs. - calc.) -----------------> "V453_Cyg.res"
  radial velocities (in bin units) ---------> "V453_Cyg.rvs"
  optimisation log -------------------------> "V453_Cyg.log"

  SECTION 3: COMPONENT SPECTRA MODELING SWITCHES (0/1)

  A = 1
  B = 1
  C = 0

  number of components to be resolved is 2

  SECTION 4: DESCRIPTORS TO OBSERVED SPECTRA
             AND LIGHT-FACTORS ASSIGNED TO COMPONENTS

           t_obs     rv_corr   noise_rms      lf_A      lf_B
           [day]      [km/s]         [1]       [1]       [1]

         2.48002      0.0000      0.0100    0.7273    0.2727
         6.53181      0.0000      0.0100    0.7273    0.2727
         3.42439      0.0000      0.0100    0.7273    0.2727
         7.65200      0.0000      0.0100    1.0000    0.0000
         4.47209      0.0000      0.0100    0.7273    0.2727
         8.47470      0.0000      0.0100    0.7273    0.2727
         8.61560      0.0000      0.0100    0.7273    0.2727
         1.48987      0.0000      0.0100    0.7273    0.2727

  SECTION 5: PARAMETERS OF ORBITS

  wide (AB--C) orbit

  period of AB--C [day] = 1 +/- 0
  time of periast pass in AB--C [day] = 0 +/- 0
  eccentricity of AB--C [1] = 0 +/- 0
  periast long of AB in AB--C [deg] = 0 +/- 0
  a sin(incl) of AB in AB--C [light-day] = 0 +/- 0
  a sin(incl) of C in AB--C [light-day] = 0 +/- 0

  tight (A--B) orbit

  period A--B [day] = 3.8898128 +/- 0
  time of periast pass in A--B [day] = 0 +/- 2 *** free ***
  eccentricity of A--B [1] = 0.1 +/- 0.1 *** free ***
  periast long of A in A--B [deg] = 180 +/- 180 *** free ***
  rv semiamp of A in A--B [km/s] = 175 +/- 20 *** free ***
  rv semiamp of B in A--B [km/s] = 225 +/- 20 *** free ***
  periast long adv per cycle in A--B [deg] = 0 +/- 0

  number of free orbital parameters is 5

  SECTION 6: OPTIMISATION DETAILS

  number of independent optimisation runs = 100
  number of allowed iterations per run = 1000
  stop when simplex shrinked by factor = 1e-05

  SECTION 7: OPTIMISATION

  separation at the starting point:  chi2=51437.4  gof=0.00
  converged disentangling runs reported only if chi2 decreases

  irun=1  iter=94  sxshrnkf=1e-05  chi2=3152.57  gof=1.00
              time of periast pass in A--B = 1.73620542 day
                      eccentricity of A--B = 0.000116002191
                 periast long of A in A--B = 82.2036409 deg
                   rv semiamp of A in A--B = 174.797494 km/s
                   rv semiamp of B in A--B = 218.317349 km/s

  irun=2  iter=173  sxshrnkf=9.8e-06  chi2=3151.89  gof=1.00
              time of periast pass in A--B = -0.324668976 day
                      eccentricity of A--B = 0.000483750209
                 periast long of A in A--B = 251.477014 deg
                   rv semiamp of A in A--B = 174.429983 km/s
                   rv semiamp of B in A--B = 218.036008 km/s

  irun=7  iter=162  sxshrnkf=8.9e-06  chi2=3142.73  gof=1.00
              time of periast pass in A--B = 0.02763307 day
                      eccentricity of A--B = 0.00705143409
                 periast long of A in A--B = 284.07641 deg
                   rv semiamp of A in A--B = 174.235283 km/s
                   rv semiamp of B in A--B = 219.063067 km/s

  irun=10  iter=241  sxshrnkf=9.9e-06  chi2=3112.81  gof=1.00
              time of periast pass in A--B = 1.14292153 day
                      eccentricity of A--B = 0.0196925397
                 periast long of A in A--B = 27.7378081 deg
                   rv semiamp of A in A--B = 173.853585 km/s
                   rv semiamp of B in A--B = 219.492718 km/s

  irun=19  iter=244  sxshrnkf=9.1e-06  chi2=3111.24  gof=1.00
              time of periast pass in A--B = 1.17306246 day
                      eccentricity of A--B = 0.023885886
                 periast long of A in A--B = 30.6010386 deg
                   rv semiamp of A in A--B = 174.169526 km/s
                   rv semiamp of B in A--B = 217.787688 km/s

  irun=24  iter=371  sxshrnkf=1e-05  chi2=3111.23  gof=1.00
              time of periast pass in A--B = 1.16281299 day
                      eccentricity of A--B = 0.023664458
                 periast long of A in A--B = 389.642824 deg
                   rv semiamp of A in A--B = 174.167965 km/s
                   rv semiamp of B in A--B = 217.769236 km/s

  irun=30  iter=241  sxshrnkf=8.8e-06  chi2=3111.23  gof=1.00
              time of periast pass in A--B = 1.16685443 day
                      eccentricity of A--B = 0.0238197725
                 periast long of A in A--B = 30.0210021 deg
                   rv semiamp of A in A--B = 174.145557 km/s
                   rv semiamp of B in A--B = 217.730758 km/s

  irun=40  iter=246  sxshrnkf=7.8e-06  chi2=3111.23  gof=1.00
              time of periast pass in A--B = 1.1650227 day
                      eccentricity of A--B = 0.0236509373
                 periast long of A in A--B = 389.854692 deg
                   rv semiamp of A in A--B = 174.149809 km/s
                   rv semiamp of B in A--B = 217.773225 km/s

  completed 100 optimisation runs

  EXITING REGULARLY

