1  94  1e-05  3152.57  1.00    1.73620542  0.000116002191  82.2036409  174.797494  218.317349
2  173  9.8e-06  3151.89  1.00    -0.324668976  0.000483750209  251.477014  174.429983  218.036008
3  126  9.4e-06  4055.57  1.00    5.27321945  0.202272785  -306.611507  183.093279  225.76214
4  127  9.4e-06  3152.12  1.00    -1.0385694  1.55333848e-06  185.3744  174.708611  217.982504
5  220  9.2e-06  3732.31  1.00    -6.41711693  0.157935851  50.7163807  179.141663  230.248425
6  219  9.2e-06  14540.9  0.00    1.93290283  2.96534166e-05  277.714546  192.067569  184.490686
7  162  8.9e-06  3142.73  1.00    0.02763307  0.00705143409  284.07641  174.235283  219.063067
8  148  8.8e-06  3142.81  1.00    3.91237893  0.00626802961  -76.3926432  174.317805  218.734032
9  112  1e-05  3760.15  1.00    -6.40306425  0.147794236  52.1464524  183.149901  226.426388
10  241  9.9e-06  3112.81  1.00    1.14292153  0.0196925397  27.7378081  173.853585  219.492718
11  115  9.3e-06  3230.35  1.00    1.34171032  0.0731585308  47.2151605  176.177377  219.08458
12  112  9.4e-06  3587.29  1.00    1.01097386  0.0761005424  17.0902136  178.427519  222.946064
13  169  9.3e-06  3544.69  1.00    -2.53102876  0.11400561  409.784004  176.733155  234.473579
14  84  9.7e-06  3152  1.00    -0.401570583  0.000114426399  244.33747  174.495447  217.708868
15  144  9.5e-06  3581.21  1.00    -6.46107469  0.052331554  44.8902887  173.086909  245.996637
16  197  9.2e-06  14544.7  0.00    -0.853338319  0.000132431166  19.7841478  188.913954  184.211383
17  211  9.4e-06  3112.9  1.00    1.23900757  0.0251403057  396.675454  174.036315  218.043859
18  248  9.9e-06  14535.4  0.00    -0.413177479  0.00440395158  -299.52159  191.414205  184.07124
19  244  9.1e-06  3111.24  1.00    1.17306246  0.023885886  30.6010386  174.169526  217.787688
20  92  9.6e-06  3152.09  1.00    -1.56807403  2.86156815e-05  136.392216  174.421036  218.340304
21  148  9e-06  3161.73  1.00    1.36931675  0.046021017  409.163676  173.87992  220.548985
22  190  9.2e-06  14538  0.00    5.92100395  2.15575519e-05  286.810115  192.245165  183.809374
23  168  9.3e-06  3126.03  1.00    -6.45999602  0.0201566212  43.8914327  174.134198  214.022783
24  371  1e-05  3111.23  1.00    1.16281299  0.023664458  389.642824  174.167965  217.769236
25  166  9.3e-06  3151.87  1.00    -0.980514965  1.3944841e-06  190.794917  174.447438  218.095193
26  161  1e-05  3151.86  1.00    2.25072651  1.49304103e-06  489.837252  174.462242  217.901313
27  179  9.9e-06  3111.81  1.00    1.11230218  0.0217641141  24.91485  174.090941  217.838489
28  117  7.3e-06  3151.96  1.00    -1.28321041  6.66887685e-06  162.800118  174.368453  217.915787
29  104  9.1e-06  3641.55  1.00    -0.113120017  0.0182572751  -88.4161214  173.15449  247.459375
30  241  8.8e-06  3111.23  1.00    1.16685443  0.0238197725  30.0210021  174.145557  217.730758
31  132  8.4e-06  3117.66  1.00    0.944509487  0.0129623958  9.22998041  174.148222  219.851486
32  208  8.7e-06  15064.3  0.00    -2.68911885  0.0896416819  209.778461  163.996257  187.794607
33  365  8.6e-06  3111.27  1.00    1.16868477  0.0242842844  1110.22715  174.121843  217.641583
34  209  9.7e-06  3204.51  1.00    -2.57215067  0.025955371  403.992153  174.159042  228.993855
35  73  8.2e-06  3160.84  1.00    2.22571712  0.000130262244  127.648541  174.40677  221.288636
36  211  9.8e-06  3138.43  1.00    0.248778926  0.00786081759  304.588956  173.47399  219.798978
37  146  9.5e-06  3462.53  1.00    1.35360307  0.11850039  409.422654  176.931673  226.135782
38  245  8.7e-06  3111.25  1.00    1.16905334  0.023763089  30.2287202  174.218449  217.782105
39  149  8.3e-06  3242.79  1.00    1.67741098  6.73668745e-05  76.670197  174.489115  230.431291
40  246  7.8e-06  3111.23  1.00    1.1650227  0.0236509373  389.854692  174.149809  217.773225
41  201  1e-05  3111.24  1.00    -6.61354925  0.0237131815  29.9332223  174.149655  217.703934
42  195  9.2e-06  3422.63  1.00    5.2423718  0.101858593  48.9516143  175.748928  230.580155
43  166  7.8e-06  3151.86  1.00    3.20553942  2.39659519e-06  -141.79606  174.476279  217.978912
44  134  9.5e-06  14548.4  0.00    1.41531188  7.41272772e-05  229.735126  187.006996  184.033309
45  153  9e-06  3122.16  1.00    1.13435386  0.0195870104  386.955765  174.168567  212.989281
46  362  8.7e-06  3144.4  1.00    -6.28715317  0.0119837107  419.702657  174.596625  213.898389
47  112  9.9e-06  3151.98  1.00    -0.611459005  3.12255405e-05  224.958178  174.576832  217.925027
48  374  9.8e-06  3111.23  1.00    1.16428247  0.0238882277  389.787545  174.162036  217.795242
49  173  9e-06  3254.62  1.00    1.30313109  0.0808133229  403.966725  174.007448  213.81185
50  259  9.1e-06  3843.95  1.00    5.26578906  0.154650751  52.0057236  180.085868  239.329855
51  182  7.7e-06  3151.87  1.00    2.00736354  7.28267349e-07  467.290361  174.502963  218.006144
52  164  9.9e-06  3111.27  1.00    -2.71342356  0.0239909354  30.9051459  174.208691  217.798819
53  217  8.8e-06  5682.77  1.00    -0.642247104  0.161138355  218.868399  182.668078  268.565953
54  173  8.6e-06  3124.69  1.00    1.05962029  0.0179965981  380.039686  174.202672  212.11429
55  354  9.2e-06  3129.14  1.00    0.501725973  0.00929115441  328.029366  174.151336  220.161861
56  139  8.9e-06  3112.37  1.00    1.19702157  0.0287570275  392.946203  174.13269  217.581964
57  121  9.9e-06  3160.58  1.00    -4.31367401  0.000151435657  242.222241  174.45482  221.62418
58  95  9.8e-06  3150.65  1.00    -0.231665045  0.00276447784  260.065065  174.430882  218.244917
59  141  8.1e-06  14543.6  0.00    0.991809494  0.00461097437  190.861325  195.015906  183.952402
60  376  9.1e-06  3221.59  1.00    1.2437794  0.0647421802  38.2876728  174.608238  226.059746
61  114  8.4e-06  3126.97  1.00    0.997083261  0.0167888433  14.3090125  174.197544  211.887714
62  165  9.9e-06  3568.24  1.00    5.1640622  0.0636244605  761.05235  174.085043  244.360384
63  236  8e-06  14535.8  0.00    1.21435448  0.00502330534  -148.6206  191.778763  183.556796
64  277  7.6e-06  3140.03  1.00    0.132352314  0.00590553046  293.764869  174.430411  218.611386
65  194  9.1e-06  3208.27  1.00    1.2743777  0.0570082809  400.976273  174.885357  226.638463
66  132  9.7e-06  3151.89  1.00    2.50227946  4.70273173e-06  153.11744  174.514366  217.828069
67  143  9.5e-06  6545.44  1.00    -0.681898119  0.20318327  -145.785349  196.183181  245.145739
68  173  9.7e-06  3116.91  1.00    1.22985844  0.0273359624  396.044156  174.371729  219.829715
69  108  9.7e-06  3172.4  1.00    0.646768723  0.0152517852  341.833801  174.61648  206.025292
70  293  9.4e-06  3116.44  1.00    1.25883292  0.0274340427  398.70713  174.500337  219.150805
71  281  9.8e-06  3111.23  1.00    1.16305953  0.0237148152  389.673486  174.182707  217.743124
72  136  7.9e-06  3151.87  1.00    3.15683185  3.15244308e-06  213.687674  174.447772  217.882119
73  161  8.1e-06  3123.43  1.00    1.26945272  0.0236100687  39.3703107  174.158151  213.541739
74  144  8.4e-06  3376.32  1.00    1.82135876  3.90148443e-05  90.1320952  173.127635  237.058562
75  213  9.6e-06  3122.23  1.00    -3.11521862  0.010785599  353.450038  174.105767  220.458763
76  153  9.5e-06  3646.13  1.00    1.3396819  0.130137528  408.127796  179.056679  204.428733
77  148  9.3e-06  3117.18  1.00    1.26928131  0.0321091915  399.642319  174.406948  218.455874
78  309  6.6e-06  3112.23  1.00    1.17643179  0.020748152  390.829578  174.134321  218.958576
79  100  8.3e-06  3749.12  1.00    -2.5181949  0.160201191  51.7426386  179.753573  230.143507
80  172  7.8e-06  3137.14  1.00    0.192810867  0.00806310307  299.448236  174.252645  220.155816
81  302  9.5e-06  3111.27  1.00    1.17016499  0.0244172732  30.3482709  174.085971  217.713349
82  328  9.6e-06  3178.05  1.00    5.14215892  0.0470543416  38.7395786  174.686435  225.510546
83  202  9.9e-06  3151.3  1.00    1.5744663  0.00367762736  67.3005015  174.476853  217.854392
84  234  9.8e-06  3423.68  1.00    1.34283404  0.0800840895  767.499527  175.847695  235.093391
85  192  9.3e-06  3146.09  1.00    -0.0831872822  0.00570812839  633.822695  174.426639  218.337406
86  332  9.5e-06  14529.4  0.00    -0.14677032  0.00555195841  85.2530571  192.098337  183.886165
87  198  9.9e-06  14528.6  0.00    0.763496306  0.00571293329  169.579457  191.368448  183.737332
88  277  8.1e-06  3151.96  1.00    -1.23118543  4.87924903e-08  167.552888  174.589107  218.119161
89  186  1e-05  3151.89  1.00    -0.376992744  3.28051305e-05  246.612903  174.472382  217.996232
90  275  9.5e-06  14531.2  0.00    1.04296133  0.00748015552  195.532385  191.532458  183.540852
91  271  7.7e-06  3112.23  1.00    1.17412052  0.0207178376  390.614367  174.14808  218.987432
92  329  9.1e-06  3111.24  1.00    -2.73023548  0.023495152  389.346434  174.122969  217.795687
93  337  9.5e-06  3151.85  1.00    -5.08057362  4.11507838e-08  171.321643  174.471295  218.004156
94  141  8.9e-06  3112.71  1.00    1.21559253  0.02460372  34.4872513  174.452175  218.435904
95  581  7.1e-06  3123.36  1.00    -2.80259323  0.0227984517  22.784119  174.71813  213.429205
96  125  9.3e-06  4059.7  1.00    1.39562267  0.185273933  54.4285898  182.240825  241.186177
97  100  9.6e-06  3243.03  1.00    -0.695278746  0.012494264  576.825236  175.497618  226.715657
98  95  9.6e-06  3124.45  1.00    0.682102507  0.0101028951  344.811453  174.125361  220.274159
99  316  8e-06  3127.99  1.00    1.35861812  0.0245674989  407.669077  174.356139  215.657318
100  56  9.7e-06  5639.81  1.00    -0.780954909  0.176153484  204.613118  185.760478  226.665771
